2024-01-13 11:00:16 Reading  dataset.........
2024-01-13 11:01:48 Reading  dataset.........
2024-01-13 11:02:53 Reading  dataset.........
2024-01-13 11:02:54 Initializing Clustering Algorithm.........
2024-01-13 11:02:55 Create clusters.........
2024-01-13 11:02:55 Show clusters of x_sampled data.........
2024-01-13 11:02:56 Adding data labels into x.........
2024-01-13 11:02:56 Categorize data into cluster features and cluster lable
2024-01-13 11:02:56 splitting the data into training and test set for each cluster one by one
2024-01-13 11:02:56 Finding best parameter for random_forest
2024-01-13 11:02:56 Finding best parameter for KNN
2024-01-13 11:02:57 Using Random forest classifier, get best parameter for random forest
2024-01-13 11:03:23 Using Random forest classifier, get best parameter for KNN
2024-01-13 11:04:27 Gettimg best parameter for Xgboost classifier
2024-01-13 11:06:42 Finding best model in all 
2024-01-13 11:08:09 Finding best model score 
2024-01-13 11:08:09  ##### There are lots of feature in our dataset so using feature engineering I select only 10 most important features to model building....
2024-01-13 11:14:02 Displa the top 10 important features
2024-01-13 11:14:03 Importing data in svm_classifier model
2024-01-13 11:14:03 Import data in KNN_classifier model
2024-01-13 11:14:03 import data in Decision Tree classifier model
2024-01-13 11:14:03 Import data in RandomForest classifer model
2024-01-13 11:14:03 Now print the score of each and every model
2024-01-13 11:14:20 Model higest accuracy is 90 percent with Random Forest
2024-01-13 11:14:20 Savinf knn_classifier_model
2024-01-13 11:17:56 Displa the top 10 important features
2024-01-13 11:17:56 Importing data in svm_classifier model
2024-01-13 11:17:56 Import data in KNN_classifier model
2024-01-13 11:17:56 import data in Decision Tree classifier model
2024-01-13 11:17:56 Import data in RandomForest classifer model
2024-01-13 11:17:56 Now print the score of each and every model
2024-01-13 11:18:15 Model higest accuracy is 90 percent with Random Forest
2024-01-13 11:18:15 Savinf knn_classifier_model
2024-01-13 11:21:58 Import data in RandomForest classifer model
2024-01-13 11:21:58 Now print the score of each and every model
2024-01-13 11:22:16 Model higest accuracy is 90 percent with Random Forest
2024-01-13 11:22:16 Savinf knn_classifier_model
2024-01-15 17:15:32 Reading  dataset.........
2024-01-15 17:17:29 Reading  dataset.........
2024-01-15 17:17:53 Reading  dataset.........
2024-01-15 17:19:27 Initializing Clustering Algorithm.........
2024-01-15 17:19:27 Create clusters.........
2024-01-15 17:19:27 Show clusters of x_sampled data.........
2024-01-15 17:19:27 Adding data labels into x.........
2024-01-15 17:19:28 Categorize data into cluster features and cluster lable
2024-01-15 17:19:28 splitting the data into training and test set for each cluster one by one
2024-01-15 17:19:28 Finding best parameter for random_forest
2024-01-15 17:19:28 Finding best parameter for KNN
2024-01-15 17:19:28 Using Random forest classifier, get best parameter for random forest
2024-01-15 17:19:55 Using Random forest classifier, get best parameter for KNN
2024-01-15 17:20:52 Gettimg best parameter for Xgboost classifier
2024-01-15 17:22:38 Finding best model in all 
2024-01-15 17:23:48 Finding best model score 
2024-01-15 17:23:50  ##### There are lots of feature in our dataset so using feature engineering I select only 10 most important features to model building....
2024-01-15 17:23:51 Displa the top 10 important features
2024-01-15 17:23:51 Importing data in svm_classifier model
2024-01-15 17:23:51 Import data in KNN_classifier model
2024-01-15 17:23:51 import data in Decision Tree classifier model
2024-01-15 17:23:51 Import data in RandomForest classifer model
2024-01-15 17:23:51 Now print the score of each and every model
2024-01-15 17:24:03 Model higest accuracy is 90 percent with Random Forest
2024-01-15 17:24:03 Savinf knn_classifier_model
2024-01-15 17:24:03 Saving Decision_Tree_model
2024-01-16 13:11:25 Reading  dataset.........
2024-01-16 13:11:26 Initializing Clustering Algorithm.........
2024-01-16 13:11:26 Create clusters.........
2024-01-16 13:11:26 Show clusters of x_sampled data.........
2024-01-16 13:11:26 Adding data labels into x.........
2024-01-16 13:14:41 Importing data in svm_classifier model
2024-01-16 13:14:41 Import data in KNN_classifier model
2024-01-16 13:14:41 import data in Decision Tree classifier model
2024-01-16 13:14:41 Import data in RandomForest classifer model
2024-01-16 13:14:41 Now print the score of each and every model
2024-01-16 13:35:17 Initializing Clustering Algorithm.........
2024-01-16 13:35:18 Create clusters.........
2024-01-16 13:35:18 Show clusters of x_sampled data.........
2024-01-16 13:35:18 Adding data labels into x.........
2024-01-16 13:36:08 Show clusters of x_sampled data.........
2024-01-16 13:36:08 Adding data labels into x.........
2024-01-16 13:41:28  ##### There are lots of feature in our dataset so using feature engineering I select only 10 most important features to model building....
2024-01-16 13:41:44  ##### There are lots of feature in our dataset so using feature engineering I select only 10 most important features to model building....
2024-01-16 13:42:02  ##### There are lots of feature in our dataset so using feature engineering I select only 10 most important features to model building....
2024-01-16 13:43:10 Displa the top 10 important features
2024-01-16 13:43:10 Importing data in svm_classifier model
2024-01-16 13:43:10 Import data in KNN_classifier model
2024-01-16 13:43:10 import data in Decision Tree classifier model
2024-01-16 13:43:10 Import data in RandomForest classifer model
2024-01-16 13:43:10 Now print the score of each and every model
2024-01-16 13:43:24 Model higest accuracy is 90 percent with Random Forest
2024-01-16 13:43:24 Saving Random forest_model
2024-01-16 13:46:18 Saving Random forest_model
2024-01-16 13:46:18 Saving Decision_Tree_model
2024-01-16 13:50:13 Model higest accuracy is 90 percent with Random Forest
2024-01-16 13:50:13 Saving Random forest_model
2024-01-16 13:50:13 Saving Decision_Tree_model
2024-01-16 13:50:53 Model higest accuracy is 90 percent with Random Forest
2024-01-16 13:50:53 Saving Random forest_model
2024-01-16 13:50:53 Saving Decision_Tree_model
2024-01-16 13:53:25 Model higest accuracy is 90 percent with Random Forest
2024-01-16 13:53:25 Saving Random forest_model
2024-01-16 13:53:25 Saving Decision_Tree_model
2024-01-18 11:52:54 Reading  dataset.........
2024-01-18 11:55:31  ##### There are lots of feature in our dataset so using feature engineering I select only 10 most important features to model building....
2024-01-18 11:57:13 Reading  dataset.........
2024-01-18 11:57:14  ##### There are lots of feature in our dataset so using feature engineering I select only 10 most important features to model building....
2024-01-18 12:06:43 Reading  dataset.........
2024-01-18 12:06:44  ##### There are lots of feature in our dataset so using feature engineering I select only 10 most important features to model building....
2024-01-22 12:12:11 Reading  dataset.........
2024-01-22 12:14:15 Reading  dataset.........
2024-01-22 12:14:51  ##### There are lots of feature in our dataset so using feature engineering I select only 10 most important features to model building....
2024-01-22 12:17:17 Reading  dataset.........
2024-01-22 12:18:18  ##### There are lots of feature in our dataset so using feature engineering I select only 10 most important features to model building....
2024-01-22 12:18:20 Displa the top 10 important features
2024-01-22 12:18:20 Importing data in svm_classifier model
2024-01-22 12:18:20 Import data in KNN_classifier model
2024-01-22 12:18:20 import data in Decision Tree classifier model
2024-01-22 12:18:20 Import data in RandomForest classifer model
2024-01-22 12:18:20 Now print the score of each and every model
2024-01-22 12:19:01 Model higest accuracy is 90 percent with Random Forest
2024-01-22 12:19:01 Saving Random forest_model
2024-01-22 12:19:01 Saving Decision_Tree_model
2024-01-22 12:24:06 Displa the top 10 important features
2024-01-22 12:24:06 Importing data in svm_classifier model
2024-01-22 12:24:06 Import data in KNN_classifier model
2024-01-22 12:24:06 import data in Decision Tree classifier model
2024-01-22 12:24:06 Import data in RandomForest classifer model
2024-01-22 12:24:06 Now print the score of each and every model
2024-01-22 12:24:36 Model higest accuracy is 90 percent with Random Forest
2024-01-22 12:24:36 Saving Random forest_model
2024-01-22 12:24:36 Saving Decision_Tree_model
2024-01-22 12:25:50 Displa the top 10 important features
2024-01-22 12:25:50 Importing data in svm_classifier model
2024-01-22 12:25:50 Import data in KNN_classifier model
2024-01-22 12:25:50 import data in Decision Tree classifier model
2024-01-22 12:25:50 Import data in RandomForest classifer model
2024-01-22 12:25:50 Now print the score of each and every model
2024-01-22 12:26:18 Model higest accuracy is 90 percent with Random Forest
2024-01-22 12:26:18 Saving Random forest_model
2024-01-22 12:26:18 Saving Decision_Tree_model
2024-01-22 16:40:14  ##### There are lots of feature in our dataset so using feature engineering I select only 10 most important features to model building....
2024-01-22 16:40:16 Displa the top 10 important features
2024-01-22 16:40:16 Importing data in svm_classifier model
2024-01-22 16:40:16 Import data in KNN_classifier model
2024-01-22 16:40:16 import data in Decision Tree classifier model
2024-01-22 16:40:16 Import data in RandomForest classifer model
2024-01-22 16:40:16 Now print the score of each and every model
2024-01-22 16:40:51 Model higest accuracy is 90 percent with Random Forest
2024-01-22 16:40:51 Saving Random forest_model
2024-01-22 16:40:51 Saving Decision_Tree_model
2024-01-22 16:41:00  ##### There are lots of feature in our dataset so using feature engineering I select only 10 most important features to model building....
2024-01-22 16:41:02 Displa the top 10 important features
2024-01-22 16:41:03 Importing data in svm_classifier model
2024-01-22 16:41:03 Import data in KNN_classifier model
2024-01-22 16:41:03 import data in Decision Tree classifier model
2024-01-22 16:41:03 Import data in RandomForest classifer model
2024-01-22 16:41:03 Now print the score of each and every model
2024-01-22 16:41:41 Model higest accuracy is 90 percent with Random Forest
2024-01-22 16:41:41 Saving Random forest_model
2024-01-22 16:41:41 Saving Decision_Tree_model
2024-01-29 11:29:44  ##### There are lots of feature in our dataset so using feature engineering I select only 10 most important features to model building....
2024-01-29 11:29:46 Displa the top 10 important features
2024-01-29 11:29:46 Importing data in svm_classifier model
2024-01-29 11:29:46 Import data in KNN_classifier model
2024-01-29 11:29:46 import data in Decision Tree classifier model
2024-01-29 11:29:46 Import data in RandomForest classifer model
2024-01-29 11:29:46 Now print the score of each and every model
2024-01-29 11:30:14 Model higest accuracy is 90 percent with Random Forest
2024-01-29 11:30:14 Saving Random forest_model
2024-01-29 11:30:14 Saving Decision_Tree_model
